Greetings(Card Maker Pro)/CreativeSDKSampleApp/build/outputs/logs/manifest-merger-release-report.txt
-- Merging decision tree log ---
manifest
ADDED from AndroidManifest.xml:2:1
	xmlns:tools
		ADDED from AndroidManifest.xml:3:5
	xmlns:android
		ADDED from AndroidManifest.xml:2:11
	package
		ADDED from AndroidManifest.xml:4:5
		INJECTED from AndroidManifest.xml:0:0
		INJECTED from AndroidManifest.xml:0:0
	android:versionName
		INJECTED from AndroidManifest.xml:0:0
		INJECTED from AndroidManifest.xml:0:0
	android:versionCode
		INJECTED from AndroidManifest.xml:0:0
		INJECTED from AndroidManifest.xml:0:0
uses-sdk
ADDED from AndroidManifest.xml:6:5
MERGED from com.adobe.creativesdk:behance:0.7.329:8:5
MERGED from com.android.support:support-v4:23.0.1:20:5
MERGED from com.adobe.creativesdk.foundation:assetux:0.7.329:7:5
MERGED from com.android.support:appcompat-v7:22.2.1:20:5
MERGED from com.android.support:support-v4:23.0.1:20:5
MERGED from uk.co.chrisjenx:calligraphy:2.1.0:7:5
MERGED from com.android.support:appcompat-v7:22.2.1:20:5
MERGED from com.android.support:support-v4:23.0.1:20:5
MERGED from com.getbase:floatingactionbutton:1.9.0:8:5
MERGED from com.sothree.slidinguppanel:library:3.0.0:7:5
MERGED from com.android.support:support-v4:23.0.1:20:5
MERGED from com.timehop.stickyheadersrecyclerview:library:0.4.1:8:5
MERGED from com.android.support:recyclerview-v7:22.2.1:20:5
MERGED from com.android.support:support-v4:23.0.1:20:5
MERGED from com.android.support:recyclerview-v7:22.2.1:20:5
MERGED from com.android.support:support-v4:23.0.1:20:5
MERGED from com.adobe.creativesdk.foundation:assetcore:0.7.329:7:5
MERGED from com.adobe.creativesdk.foundation:auth:0.7.329:13:5
MERGED from com.android.support:support-v4:23.0.1:20:5
MERGED from com.android.support:appcompat-v7:22.2.1:20:5
MERGED from com.android.support:support-v4:23.0.1:20:5
MERGED from com.github.fengdai:alertdialogpro-core:0.2.3:8:5
MERGED from com.android.support:appcompat-v7:22.2.1:20:5
MERGED from com.android.support:support-v4:23.0.1:20:5
MERGED from com.github.fengdai:alertdialogpro-theme-material:0.2.3:8:5
MERGED from com.github.fengdai:alertdialogpro-core:0.2.3:8:5
MERGED from com.android.support:appcompat-v7:22.2.1:20:5
MERGED from com.android.support:support-v4:23.0.1:20:5
MERGED from com.android.support:cardview-v7:22.2.1:20:5
MERGED from com.android.support:design:22.2.1:20:5
MERGED from com.android.support:appcompat-v7:22.2.1:20:5
MERGED from com.android.support:support-v4:23.0.1:20:5
MERGED from com.android.support:support-v4:23.0.1:20:5
MERGED from com.facebook.android:facebook-android-sdk:4.6.0:24:5
MERGED from com.android.support:support-v4:23.0.1:20:5
MERGED from com.adobe.creativesdk.foundation:auth:0.7.329:13:5
MERGED from com.android.support:support-v4:23.0.1:20:5
MERGED from com.android.support:appcompat-v7:22.2.1:20:5
MERGED from com.android.support:support-v4:23.0.1:20:5
MERGED from com.github.fengdai:alertdialogpro-core:0.2.3:8:5
MERGED from com.android.support:appcompat-v7:22.2.1:20:5
MERGED from com.android.support:support-v4:23.0.1:20:5
MERGED from com.github.fengdai:alertdialogpro-theme-material:0.2.3:8:5
MERGED from com.github.fengdai:alertdialogpro-core:0.2.3:8:5
MERGED from com.android.support:appcompat-v7:22.2.1:20:5
MERGED from com.android.support:support-v4:23.0.1:20:5
MERGED from com.adobe.creativesdk.foundation:assetcore:0.7.329:7:5
MERGED from com.adobe.creativesdk.foundation:auth:0.7.329:13:5
MERGED from com.android.support:support-v4:23.0.1:20:5
MERGED from com.android.support:appcompat-v7:22.2.1:20:5
MERGED from com.android.support:support-v4:23.0.1:20:5
MERGED from com.github.fengdai:alertdialogpro-core:0.2.3:8:5
MERGED from com.android.support:appcompat-v7:22.2.1:20:5
MERGED from com.android.support:support-v4:23.0.1:20:5
MERGED from com.github.fengdai:alertdialogpro-theme-material:0.2.3:8:5
MERGED from com.github.fengdai:alertdialogpro-core:0.2.3:8:5
MERGED from com.android.support:appcompat-v7:22.2.1:20:5
MERGED from com.android.support:support-v4:23.0.1:20:5
MERGED from com.adobe.creativesdk.foundation:assetux:0.7.329:7:5
MERGED from com.android.support:appcompat-v7:22.2.1:20:5
MERGED from com.android.support:support-v4:23.0.1:20:5
MERGED from uk.co.chrisjenx:calligraphy:2.1.0:7:5
MERGED from com.android.support:appcompat-v7:22.2.1:20:5
MERGED from com.android.support:support-v4:23.0.1:20:5
MERGED from com.getbase:floatingactionbutton:1.9.0:8:5
MERGED from com.sothree.slidinguppanel:library:3.0.0:7:5
MERGED from com.android.support:support-v4:23.0.1:20:5
MERGED from com.timehop.stickyheadersrecyclerview:library:0.4.1:8:5
MERGED from com.android.support:recyclerview-v7:22.2.1:20:5
MERGED from com.android.support:support-v4:23.0.1:20:5
MERGED from com.android.support:recyclerview-v7:22.2.1:20:5
MERGED from com.android.support:support-v4:23.0.1:20:5
MERGED from com.adobe.creativesdk.foundation:assetcore:0.7.329:7:5
MERGED from com.adobe.creativesdk.foundation:auth:0.7.329:13:5
MERGED from com.android.support:support-v4:23.0.1:20:5
MERGED from com.android.support:appcompat-v7:22.2.1:20:5
MERGED from com.android.support:support-v4:23.0.1:20:5
MERGED from com.github.fengdai:alertdialogpro-core:0.2.3:8:5
MERGED from com.android.support:appcompat-v7:22.2.1:20:5
MERGED from com.android.support:support-v4:23.0.1:20:5
MERGED from com.github.fengdai:alertdialogpro-theme-material:0.2.3:8:5
MERGED from com.github.fengdai:alertdialogpro-core:0.2.3:8:5
MERGED from com.android.support:appcompat-v7:22.2.1:20:5
MERGED from com.android.support:support-v4:23.0.1:20:5
MERGED from com.android.support:cardview-v7:22.2.1:20:5
MERGED from com.android.support:design:22.2.1:20:5
MERGED from com.android.support:appcompat-v7:22.2.1:20:5
MERGED from com.android.support:support-v4:23.0.1:20:5
MERGED from com.android.support:support-v4:23.0.1:20:5
MERGED from com.adobe.creativesdk:color:0.7.329:7:5
MERGED from com.android.support:appcompat-v7:22.2.1:20:5
MERGED from com.android.support:support-v4:23.0.1:20:5
MERGED from uk.co.chrisjenx:calligraphy:2.1.0:7:5
MERGED from com.android.support:appcompat-v7:22.2.1:20:5
MERGED from com.android.support:support-v4:23.0.1:20:5
MERGED from com.adobe.creativesdk.foundation:auth:0.7.329:13:5
MERGED from com.android.support:support-v4:23.0.1:20:5
MERGED from com.android.support:appcompat-v7:22.2.1:20:5
MERGED from com.android.support:support-v4:23.0.1:20:5
MERGED from com.github.fengdai:alertdialogpro-core:0.2.3:8:5
MERGED from com.android.support:appcompat-v7:22.2.1:20:5
MERGED from com.android.support:support-v4:23.0.1:20:5
MERGED from com.github.fengdai:alertdialogpro-theme-material:0.2.3:8:5
MERGED from com.github.fengdai:alertdialogpro-core:0.2.3:8:5
MERGED from com.android.support:appcompat-v7:22.2.1:20:5
MERGED from com.android.support:support-v4:23.0.1:20:5
MERGED from com.android.support:recyclerview-v7:22.2.1:20:5
MERGED from com.android.support:support-v4:23.0.1:20:5
MERGED from com.adobe.creativesdk.foundation:assetcore:0.7.329:7:5
MERGED from com.adobe.creativesdk.foundation:auth:0.7.329:13:5
MERGED from com.android.support:support-v4:23.0.1:20:5
MERGED from com.android.support:appcompat-v7:22.2.1:20:5
MERGED from com.android.support:support-v4:23.0.1:20:5
MERGED from com.github.fengdai:alertdialogpro-core:0.2.3:8:5
MERGED from com.android.support:appcompat-v7:22.2.1:20:5
MERGED from com.android.support:support-v4:23.0.1:20:5
MERGED from com.github.fengdai:alertdialogpro-theme-material:0.2.3:8:5
MERGED from com.github.fengdai:alertdialogpro-core:0.2.3:8:5
MERGED from com.android.support:appcompat-v7:22.2.1:20:5
MERGED from com.android.support:support-v4:23.0.1:20:5
MERGED from com.android.support:design:22.2.1:20:5
MERGED from com.android.support:appcompat-v7:22.2.1:20:5
MERGED from com.android.support:support-v4:23.0.1:20:5
MERGED from com.android.support:support-v4:23.0.1:20:5
MERGED from com.adobe.creativesdk.foundation:applibrary:0.7.329:7:5
MERGED from com.android.support:appcompat-v7:22.2.1:20:5
MERGED from com.android.support:support-v4:23.0.1:20:5
MERGED from uk.co.chrisjenx:calligraphy:2.1.0:7:5
MERGED from com.android.support:appcompat-v7:22.2.1:20:5
MERGED from com.android.support:support-v4:23.0.1:20:5
MERGED from com.android.support:recyclerview-v7:22.2.1:20:5
MERGED from com.android.support:support-v4:23.0.1:20:5
MERGED from com.adobe.creativesdk.foundation:assetcore:0.7.329:7:5
MERGED from com.adobe.creativesdk.foundation:auth:0.7.329:13:5
MERGED from com.android.support:support-v4:23.0.1:20:5
MERGED from com.android.support:appcompat-v7:22.2.1:20:5
MERGED from com.android.support:support-v4:23.0.1:20:5
MERGED from com.github.fengdai:alertdialogpro-core:0.2.3:8:5
MERGED from com.android.support:appcompat-v7:22.2.1:20:5
MERGED from com.android.support:support-v4:23.0.1:20:5
MERGED from com.github.fengdai:alertdialogpro-theme-material:0.2.3:8:5
MERGED from com.github.fengdai:alertdialogpro-core:0.2.3:8:5
MERGED from com.android.support:appcompat-v7:22.2.1:20:5
MERGED from com.android.support:support-v4:23.0.1:20:5
MERGED from com.android.support:cardview-v7:22.2.1:20:5
MERGED from com.android.support:design:22.2.1:20:5
MERGED from com.android.support:appcompat-v7:22.2.1:20:5
MERGED from com.android.support:support-v4:23.0.1:20:5
MERGED from com.android.support:support-v4:23.0.1:20:5
MERGED from com.adobe.creativesdk.foundation:assetux:0.7.329:7:5
MERGED from com.android.support:appcompat-v7:22.2.1:20:5
MERGED from com.android.support:support-v4:23.0.1:20:5
MERGED from uk.co.chrisjenx:calligraphy:2.1.0:7:5
MERGED from com.android.support:appcompat-v7:22.2.1:20:5
MERGED from com.android.support:support-v4:23.0.1:20:5
MERGED from com.getbase:floatingactionbutton:1.9.0:8:5
MERGED from com.sothree.slidinguppanel:library:3.0.0:7:5
MERGED from com.android.support:support-v4:23.0.1:20:5
MERGED from com.timehop.stickyheadersrecyclerview:library:0.4.1:8:5
MERGED from com.android.support:recyclerview-v7:22.2.1:20:5
MERGED from com.android.support:support-v4:23.0.1:20:5
MERGED from com.android.support:recyclerview-v7:22.2.1:20:5
MERGED from com.android.support:support-v4:23.0.1:20:5
MERGED from com.adobe.creativesdk.foundation:assetcore:0.7.329:7:5
MERGED from com.adobe.creativesdk.foundation:auth:0.7.329:13:5
MERGED from com.android.support:support-v4:23.0.1:20:5
MERGED from com.android.support:appcompat-v7:22.2.1:20:5
MERGED from com.android.support:support-v4:23.0.1:20:5
MERGED from com.github.fengdai:alertdialogpro-core:0.2.3:8:5
MERGED from com.android.support:appcompat-v7:22.2.1:20:5
MERGED from com.android.support:support-v4:23.0.1:20:5
MERGED from com.github.fengdai:alertdialogpro-theme-material:0.2.3:8:5
MERGED from com.github.fengdai:alertdialogpro-core:0.2.3:8:5
MERGED from com.android.support:appcompat-v7:22.2.1:20:5
MERGED from com.android.support:support-v4:23.0.1:20:5
MERGED from com.android.support:cardview-v7:22.2.1:20:5
MERGED from com.android.support:design:22.2.1:20:5
MERGED from com.android.support:appcompat-v7:22.2.1:20:5
MERGED from com.android.support:support-v4:23.0.1:20:5
MERGED from com.android.support:support-v4:23.0.1:20:5
	android:targetSdkVersion
		ADDED from AndroidManifest.xml:9:9
		INJECTED from AndroidManifest.xml:0:0
		INJECTED from AndroidManifest.xml:0:0
	android:minSdkVersion
		ADDED from AndroidManifest.xml:8:9
		INJECTED from AndroidManifest.xml:0:0
		INJECTED from AndroidManifest.xml:0:0
	tools:overrideLibrary
		ADDED from com.adobe.creativesdk:behance:0.7.329:11:9
	android:maxSdkVersion
		ADDED from AndroidManifest.xml:7:9
uses-permission#android.permission.INTERNET
ADDED from AndroidManifest.xml:11:5
MERGED from com.adobe.creativesdk:behance:0.7.329:13:5
MERGED from com.adobe.creativesdk:behance:0.7.329:17:5
MERGED from com.adobe.creativesdk.foundation:assetux:0.7.329:11:5
MERGED from com.adobe.creativesdk.foundation:assetcore:0.7.329:11:5
MERGED from com.adobe.creativesdk.foundation:auth:0.7.329:17:5
MERGED from com.adobe.creativesdk.foundation:auth:0.7.329:17:5
MERGED from com.adobe.creativesdk.foundation:assetcore:0.7.329:11:5
MERGED from com.adobe.creativesdk.foundation:auth:0.7.329:17:5
MERGED from com.adobe.creativesdk.foundation:assetux:0.7.329:11:5
MERGED from com.adobe.creativesdk.foundation:assetcore:0.7.329:11:5
MERGED from com.adobe.creativesdk.foundation:auth:0.7.329:17:5
MERGED from com.adobe.creativesdk.foundation:auth:0.7.329:17:5
MERGED from com.adobe.creativesdk.foundation:assetcore:0.7.329:11:5
MERGED from com.adobe.creativesdk.foundation:auth:0.7.329:17:5
MERGED from com.adobe.creativesdk.foundation:assetcore:0.7.329:11:5
MERGED from com.adobe.creativesdk.foundation:auth:0.7.329:17:5
MERGED from com.adobe.creativesdk.foundation:assetux:0.7.329:11:5
MERGED from com.adobe.creativesdk.foundation:assetcore:0.7.329:11:5
MERGED from com.adobe.creativesdk.foundation:auth:0.7.329:17:5
	android:name
		ADDED from AndroidManifest.xml:11:22
uses-permission#android.permission.ACCESS_NETWORK_STATE
ADDED from AndroidManifest.xml:12:5
MERGED from com.adobe.creativesdk.foundation:assetux:0.7.329:12:5
MERGED from com.adobe.creativesdk.foundation:assetcore:0.7.329:12:5
MERGED from com.adobe.creativesdk.foundation:auth:0.7.329:18:5
MERGED from com.adobe.creativesdk.foundation:auth:0.7.329:18:5
MERGED from com.adobe.creativesdk.foundation:assetcore:0.7.329:12:5
MERGED from com.adobe.creativesdk.foundation:auth:0.7.329:18:5
MERGED from com.adobe.creativesdk.foundation:assetux:0.7.329:12:5
MERGED from com.adobe.creativesdk.foundation:assetcore:0.7.329:12:5
MERGED from com.adobe.creativesdk.foundation:auth:0.7.329:18:5
MERGED from com.adobe.creativesdk.foundation:auth:0.7.329:18:5
MERGED from com.adobe.creativesdk.foundation:assetcore:0.7.329:12:5
MERGED from com.adobe.creativesdk.foundation:auth:0.7.329:18:5
MERGED from com.adobe.creativesdk.foundation:assetcore:0.7.329:12:5
MERGED from com.adobe.creativesdk.foundation:auth:0.7.329:18:5
MERGED from com.adobe.creativesdk.foundation:assetux:0.7.329:12:5
MERGED from com.adobe.creativesdk.foundation:assetcore:0.7.329:12:5
MERGED from com.adobe.creativesdk.foundation:auth:0.7.329:18:5
	android:name
		ADDED from AndroidManifest.xml:12:22
uses-permission#android.permission.READ_EXTERNAL_STORAGE
ADDED from AndroidManifest.xml:13:5
MERGED from com.adobe.creativesdk:behance:0.7.329:16:5
MERGED from com.adobe.creativesdk:behance:0.7.329:20:5
MERGED from com.adobe.creativesdk.foundation:assetux:0.7.329:13:5
MERGED from com.adobe.creativesdk.foundation:assetcore:0.7.329:13:5
MERGED from com.adobe.creativesdk.foundation:assetcore:0.7.329:13:5
MERGED from com.adobe.creativesdk.foundation:assetux:0.7.329:13:5
MERGED from com.adobe.creativesdk.foundation:assetcore:0.7.329:13:5
MERGED from com.adobe.creativesdk.foundation:assetcore:0.7.329:13:5
MERGED from com.adobe.creativesdk.foundation:assetcore:0.7.329:13:5
MERGED from com.adobe.creativesdk.foundation:assetux:0.7.329:13:5
MERGED from com.adobe.creativesdk.foundation:assetcore:0.7.329:13:5
	android:name
		ADDED from AndroidManifest.xml:13:22
uses-permission#android.permission.WRITE_EXTERNAL_STORAGE
ADDED from AndroidManifest.xml:14:5
MERGED from com.adobe.creativesdk:behance:0.7.329:15:5
MERGED from com.adobe.creativesdk:behance:0.7.329:19:5
MERGED from com.adobe.creativesdk.foundation:assetux:0.7.329:14:5
MERGED from com.adobe.creativesdk.foundation:assetcore:0.7.329:14:5
MERGED from com.adobe.creativesdk.foundation:assetcore:0.7.329:14:5
MERGED from com.adobe.creativesdk.foundation:assetux:0.7.329:14:5
MERGED from com.adobe.creativesdk.foundation:assetcore:0.7.329:14:5
MERGED from com.adobe.creativesdk.foundation:assetcore:0.7.329:14:5
MERGED from com.adobe.creativesdk.foundation:assetcore:0.7.329:14:5
MERGED from com.adobe.creativesdk.foundation:assetux:0.7.329:14:5
MERGED from com.adobe.creativesdk.foundation:assetcore:0.7.329:14:5
	android:name
		ADDED from AndroidManifest.xml:14:22
android:uses-permission#android.permission.READ_PHONE_STATE
ADDED from AndroidManifest.xml:16:5
	android:name
		ADDED from AndroidManifest.xml:16:30
application
ADDED from AndroidManifest.xml:18:5
MERGED from com.adobe.creativesdk:behance:0.7.329:22:5
MERGED from com.android.support:support-v4:23.0.1:22:5
MERGED from com.adobe.creativesdk.foundation:assetux:0.7.329:16:5
MERGED from com.android.support:appcompat-v7:22.2.1:22:5
MERGED from com.android.support:support-v4:23.0.1:22:5
MERGED from uk.co.chrisjenx:calligraphy:2.1.0:11:5
MERGED from com.android.support:appcompat-v7:22.2.1:22:5
MERGED from com.android.support:support-v4:23.0.1:22:5
MERGED from com.getbase:floatingactionbutton:1.9.0:12:5
MERGED from com.sothree.slidinguppanel:library:3.0.0:9:5
MERGED from com.android.support:support-v4:23.0.1:22:5
MERGED from com.timehop.stickyheadersrecyclerview:library:0.4.1:12:5
MERGED from com.android.support:support-v4:23.0.1:22:5
MERGED from com.android.support:support-v4:23.0.1:22:5
MERGED from com.adobe.creativesdk.foundation:auth:0.7.329:20:5
MERGED from com.android.support:support-v4:23.0.1:22:5
MERGED from com.android.support:appcompat-v7:22.2.1:22:5
MERGED from com.android.support:support-v4:23.0.1:22:5
MERGED from com.android.support:appcompat-v7:22.2.1:22:5
MERGED from com.android.support:support-v4:23.0.1:22:5
MERGED from com.android.support:appcompat-v7:22.2.1:22:5
MERGED from com.android.support:support-v4:23.0.1:22:5
MERGED from com.android.support:cardview-v7:22.2.1:22:5
MERGED from com.android.support:design:22.2.1:22:5
MERGED from com.android.support:appcompat-v7:22.2.1:22:5
MERGED from com.android.support:support-v4:23.0.1:22:5
MERGED from com.android.support:support-v4:23.0.1:22:5
MERGED from com.facebook.android:facebook-android-sdk:4.6.0:28:5
MERGED from com.android.support:support-v4:23.0.1:22:5
MERGED from com.adobe.creativesdk.foundation:auth:0.7.329:20:5
MERGED from com.android.support:support-v4:23.0.1:22:5
MERGED from com.android.support:appcompat-v7:22.2.1:22:5
MERGED from com.android.support:support-v4:23.0.1:22:5
MERGED from com.android.support:appcompat-v7:22.2.1:22:5
MERGED from com.android.support:support-v4:23.0.1:22:5
MERGED from com.android.support:appcompat-v7:22.2.1:22:5
MERGED from com.android.support:support-v4:23.0.1:22:5
MERGED from com.adobe.creativesdk.foundation:auth:0.7.329:20:5
MERGED from com.android.support:support-v4:23.0.1:22:5
MERGED from com.android.support:appcompat-v7:22.2.1:22:5
MERGED from com.android.support:support-v4:23.0.1:22:5
MERGED from com.android.support:appcompat-v7:22.2.1:22:5
MERGED from com.android.support:support-v4:23.0.1:22:5
MERGED from com.android.support:appcompat-v7:22.2.1:22:5
MERGED from com.android.support:support-v4:23.0.1:22:5
MERGED from com.adobe.creativesdk.foundation:assetux:0.7.329:16:5
MERGED from com.android.support:appcompat-v7:22.2.1:22:5
MERGED from com.android.support:support-v4:23.0.1:22:5
MERGED from uk.co.chrisjenx:calligraphy:2.1.0:11:5
MERGED from com.android.support:appcompat-v7:22.2.1:22:5
MERGED from com.android.support:support-v4:23.0.1:22:5
MERGED from com.getbase:floatingactionbutton:1.9.0:12:5
MERGED from com.sothree.slidinguppanel:library:3.0.0:9:5
MERGED from com.android.support:support-v4:23.0.1:22:5
MERGED from com.timehop.stickyheadersrecyclerview:library:0.4.1:12:5
MERGED from com.android.support:support-v4:23.0.1:22:5
MERGED from com.android.support:support-v4:23.0.1:22:5
MERGED from com.adobe.creativesdk.foundation:auth:0.7.329:20:5
MERGED from com.android.support:support-v4:23.0.1:22:5
MERGED from com.android.support:appcompat-v7:22.2.1:22:5
MERGED from com.android.support:support-v4:23.0.1:22:5
MERGED from com.android.support:appcompat-v7:22.2.1:22:5
MERGED from com.android.support:support-v4:23.0.1:22:5
MERGED from com.android.support:appcompat-v7:22.2.1:22:5
MERGED from com.android.support:support-v4:23.0.1:22:5
MERGED from com.android.support:cardview-v7:22.2.1:22:5
MERGED from com.android.support:design:22.2.1:22:5
MERGED from com.android.support:appcompat-v7:22.2.1:22:5
MERGED from com.android.support:support-v4:23.0.1:22:5
MERGED from com.android.support:support-v4:23.0.1:22:5
MERGED from com.adobe.creativesdk:color:0.7.329:11:5
MERGED from com.android.support:appcompat-v7:22.2.1:22:5
MERGED from com.android.support:support-v4:23.0.1:22:5
MERGED from uk.co.chrisjenx:calligraphy:2.1.0:11:5
MERGED from com.android.support:appcompat-v7:22.2.1:22:5
MERGED from com.android.support:support-v4:23.0.1:22:5
MERGED from com.adobe.creativesdk.foundation:auth:0.7.329:20:5
MERGED from com.android.support:support-v4:23.0.1:22:5
MERGED from com.android.support:appcompat-v7:22.2.1:22:5
MERGED from com.android.support:support-v4:23.0.1:22:5
MERGED from com.android.support:appcompat-v7:22.2.1:22:5
MERGED from com.android.support:support-v4:23.0.1:22:5
MERGED from com.android.support:appcompat-v7:22.2.1:22:5
MERGED from com.android.support:support-v4:23.0.1:22:5
MERGED from com.android.support:support-v4:23.0.1:22:5
MERGED from com.adobe.creativesdk.foundation:auth:0.7.329:20:5
MERGED from com.android.support:support-v4:23.0.1:22:5
MERGED from com.android.support:appcompat-v7:22.2.1:22:5
MERGED from com.android.support:support-v4:23.0.1:22:5
MERGED from com.android.support:appcompat-v7:22.2.1:22:5
MERGED from com.android.support:support-v4:23.0.1:22:5
MERGED from com.android.support:appcompat-v7:22.2.1:22:5
MERGED from com.android.support:support-v4:23.0.1:22:5
MERGED from com.android.support:design:22.2.1:22:5
MERGED from com.android.support:appcompat-v7:22.2.1:22:5
MERGED from com.android.support:support-v4:23.0.1:22:5
MERGED from com.android.support:support-v4:23.0.1:22:5
MERGED from com.adobe.creativesdk.foundation:applibrary:0.7.329:11:5
MERGED from com.android.support:appcompat-v7:22.2.1:22:5
MERGED from com.android.support:support-v4:23.0.1:22:5
MERGED from uk.co.chrisjenx:calligraphy:2.1.0:11:5
MERGED from com.android.support:appcompat-v7:22.2.1:22:5
MERGED from com.android.support:support-v4:23.0.1:22:5
MERGED from com.android.support:support-v4:23.0.1:22:5
MERGED from com.adobe.creativesdk.foundation:auth:0.7.329:20:5
MERGED from com.android.support:support-v4:23.0.1:22:5
MERGED from com.android.support:appcompat-v7:22.2.1:22:5
MERGED from com.android.support:support-v4:23.0.1:22:5
MERGED from com.android.support:appcompat-v7:22.2.1:22:5
MERGED from com.android.support:support-v4:23.0.1:22:5
MERGED from com.android.support:appcompat-v7:22.2.1:22:5
MERGED from com.android.support:support-v4:23.0.1:22:5
MERGED from com.android.support:cardview-v7:22.2.1:22:5
MERGED from com.android.support:design:22.2.1:22:5
MERGED from com.android.support:appcompat-v7:22.2.1:22:5
MERGED from com.android.support:support-v4:23.0.1:22:5
MERGED from com.android.support:support-v4:23.0.1:22:5
MERGED from com.adobe.creativesdk.foundation:assetux:0.7.329:16:5
MERGED from com.android.support:appcompat-v7:22.2.1:22:5
MERGED from com.android.support:support-v4:23.0.1:22:5
MERGED from uk.co.chrisjenx:calligraphy:2.1.0:11:5
MERGED from com.android.support:appcompat-v7:22.2.1:22:5
MERGED from com.android.support:support-v4:23.0.1:22:5
MERGED from com.getbase:floatingactionbutton:1.9.0:12:5
MERGED from com.sothree.slidinguppanel:library:3.0.0:9:5
MERGED from com.android.support:support-v4:23.0.1:22:5
MERGED from com.timehop.stickyheadersrecyclerview:library:0.4.1:12:5
MERGED from com.android.support:support-v4:23.0.1:22:5
MERGED from com.android.support:support-v4:23.0.1:22:5
MERGED from com.adobe.creativesdk.foundation:auth:0.7.329:20:5
MERGED from com.android.support:support-v4:23.0.1:22:5
MERGED from com.android.support:appcompat-v7:22.2.1:22:5
MERGED from com.android.support:support-v4:23.0.1:22:5
MERGED from com.android.support:appcompat-v7:22.2.1:22:5
MERGED from com.android.support:support-v4:23.0.1:22:5
MERGED from com.android.support:appcompat-v7:22.2.1:22:5
MERGED from com.android.support:support-v4:23.0.1:22:5
MERGED from com.android.support:cardview-v7:22.2.1:22:5
MERGED from com.android.support:design:22.2.1:22:5
MERGED from com.android.support:appcompat-v7:22.2.1:22:5
MERGED from com.android.support:support-v4:23.0.1:22:5
MERGED from com.android.support:support-v4:23.0.1:22:5
	android:allowBackup
		ADDED from com.adobe.creativesdk:color:0.7.329:11:18
	android:label
		ADDED from AndroidManifest.xml:21:9
	android:icon
		ADDED from AndroidManifest.xml:20:9
	android:largeHeap
		ADDED from AndroidManifest.xml:22:9
	tools:replace
		ADDED from AndroidManifest.xml:23:9
	android:name
		ADDED from AndroidManifest.xml:19:9
activity#com.adobe.creativesdk.sample.CreativeSDKSampleActivity
ADDED from AndroidManifest.xml:24:9
	android:label
		ADDED from AndroidManifest.xml:26:13
	android:theme
		ADDED from AndroidManifest.xml:27:13
	android:name
		ADDED from AndroidManifest.xml:25:13
activity#com.adobe.creativesdk.sample.CreativeSDKSampleGridViewActivity
ADDED from AndroidManifest.xml:29:9
	android:label
		ADDED from AndroidManifest.xml:31:13
	android:theme
		ADDED from AndroidManifest.xml:32:13
	android:name
		ADDED from AndroidManifest.xml:30:13
activity#com.adobe.creativesdk.sample.CreativeSDKSampleColorActivity
ADDED from AndroidManifest.xml:34:9
	android:label
		ADDED from AndroidManifest.xml:36:13
	android:theme
		ADDED from AndroidManifest.xml:37:13
	android:name
		ADDED from AndroidManifest.xml:35:13
activity#com.adobe.creativesdk.sample.CreativeSDKSampleBehanceActivity
ADDED from AndroidManifest.xml:39:9
	android:label
		ADDED from AndroidManifest.xml:41:13
	android:theme
		ADDED from AndroidManifest.xml:42:13
	android:name
		ADDED from AndroidManifest.xml:40:13
activity#com.adobe.creativesdk.sample.MainActivity
ADDED from AndroidManifest.xml:44:9
	android:name
		ADDED from AndroidManifest.xml:44:19
activity#com.adobe.creativesdk.sample.Step2
ADDED from AndroidManifest.xml:46:9
	android:name
		ADDED from AndroidManifest.xml:46:19
activity#com.adobe.creativesdk.sample.Step3
ADDED from AndroidManifest.xml:48:9
	android:name
		ADDED from AndroidManifest.xml:48:19
activity#com.adobe.creativesdk.sample.Main2Activity
ADDED from AndroidManifest.xml:50:9
	android:theme
		ADDED from AndroidManifest.xml:51:13
	android:name
		ADDED from AndroidManifest.xml:50:19
intent-filter#android.intent.action.MAIN+android.intent.category.LAUNCHER
ADDED from AndroidManifest.xml:52:13
action#android.intent.action.MAIN
ADDED from AndroidManifest.xml:53:17
	android:name
		ADDED from AndroidManifest.xml:53:25
category#android.intent.category.LAUNCHER
ADDED from AndroidManifest.xml:55:17
	android:name
		ADDED from AndroidManifest.xml:55:27
uses-permission#android.permission.ACCESS_WIFI_STATE
ADDED from com.adobe.creativesdk:behance:0.7.329:14:5
	android:name
		ADDED from com.adobe.creativesdk:behance:0.7.329:14:22
activity#com.behance.sdk.ui.activities.BehanceSDKPublishProjectActivity
ADDED from com.adobe.creativesdk:behance:0.7.329:23:9
	android:screenOrientation
		ADDED from com.adobe.creativesdk:behance:0.7.329:26:13
	android:theme
		ADDED from com.adobe.creativesdk:behance:0.7.329:27:13
	android:exported
		ADDED from com.adobe.creativesdk:behance:0.7.329:25:13
	android:name
		ADDED from com.adobe.creativesdk:behance:0.7.329:24:13
activity#com.behance.sdk.ui.activities.BehanceSDKCreateProjectWFActivity
ADDED from com.adobe.creativesdk:behance:0.7.329:29:9
	android:screenOrientation
		ADDED from com.adobe.creativesdk:behance:0.7.329:32:13
	android:theme
		ADDED from com.adobe.creativesdk:behance:0.7.329:33:13
	android:exported
		ADDED from com.adobe.creativesdk:behance:0.7.329:31:13
	android:name
		ADDED from com.adobe.creativesdk:behance:0.7.329:30:13
activity#com.behance.sdk.ui.activities.BehanceSDKCreateWIPWorkflowActivity
ADDED from com.adobe.creativesdk:behance:0.7.329:35:9
	android:screenOrientation
		ADDED from com.adobe.creativesdk:behance:0.7.329:38:13
	android:theme
		ADDED from com.adobe.creativesdk:behance:0.7.329:39:13
	android:exported
		ADDED from com.adobe.creativesdk:behance:0.7.329:37:13
	android:name
		ADDED from com.adobe.creativesdk:behance:0.7.329:36:13
activity#com.behance.sdk.ui.activities.BehanceSDKPublishWIPActivity
ADDED from com.adobe.creativesdk:behance:0.7.329:41:9
	android:screenOrientation
		ADDED from com.adobe.creativesdk:behance:0.7.329:44:13
	android:theme
		ADDED from com.adobe.creativesdk:behance:0.7.329:45:13
	android:exported
		ADDED from com.adobe.creativesdk:behance:0.7.329:43:13
	android:name
		ADDED from com.adobe.creativesdk:behance:0.7.329:42:13
activity#com.behance.sdk.ui.activities.BehanceSDKPublishResultsActivity
ADDED from com.adobe.creativesdk:behance:0.7.329:47:9
	android:theme
		ADDED from com.adobe.creativesdk:behance:0.7.329:49:13
	android:name
		ADDED from com.adobe.creativesdk:behance:0.7.329:48:13
activity#com.behance.sdk.ui.activities.BehanceSDKEditProfileActivity
ADDED from com.adobe.creativesdk:behance:0.7.329:51:9
	android:screenOrientation
		ADDED from com.adobe.creativesdk:behance:0.7.329:54:13
	android:theme
		ADDED from com.adobe.creativesdk:behance:0.7.329:55:13
	android:exported
		ADDED from com.adobe.creativesdk:behance:0.7.329:53:13
	android:name
		ADDED from com.adobe.creativesdk:behance:0.7.329:52:13
activity#com.facebook.LoginActivity
ADDED from com.adobe.creativesdk:behance:0.7.329:57:9
	android:screenOrientation
		ADDED from com.adobe.creativesdk:behance:0.7.329:60:13
	android:theme
		ADDED from com.adobe.creativesdk:behance:0.7.329:61:13
	android:exported
		ADDED from com.adobe.creativesdk:behance:0.7.329:59:13
	android:name
		ADDED from com.adobe.creativesdk:behance:0.7.329:58:13
activity#com.behance.sdk.ui.activities.BehanceSDKLoginToTwitterActivity
ADDED from com.adobe.creativesdk:behance:0.7.329:63:9
	android:screenOrientation
		ADDED from com.adobe.creativesdk:behance:0.7.329:66:13
	android:exported
		ADDED from com.adobe.creativesdk:behance:0.7.329:65:13
	android:name
		ADDED from com.adobe.creativesdk:behance:0.7.329:64:13
activity#com.behance.sdk.ui.activities.BehanceSDKUnlinkSocialAccountActivity
ADDED from com.adobe.creativesdk:behance:0.7.329:68:9
	android:screenOrientation
		ADDED from com.adobe.creativesdk:behance:0.7.329:71:13
	android:theme
		ADDED from com.adobe.creativesdk:behance:0.7.329:72:13
	android:exported